<?xml version="1.0" encoding="UTF-8"?>
<testng-results ignored="0" total="1" passed="1" failed="0" skipped="0">
  <reporter-output>
  </reporter-output>
  <suite started-at="2023-01-23T01:12:15 IST" name="Smoke" finished-at="2023-01-23T01:12:17 IST" duration-ms="2154">
    <groups>
      <group name="Smoke">
        <method signature="MSG91CheckBalance.msg91CheckBalance(java.lang.String)[pri:0, instance:com.nitara.MSG91.MSG91CheckBalance@7133da86]" name="msg91CheckBalance" class="com.nitara.MSG91.MSG91CheckBalance"/>
      </group> <!-- Smoke -->
    </groups>
    <test started-at="2023-01-23T01:12:15 IST" name="Smoke" finished-at="2023-01-23T01:12:17 IST" duration-ms="2154">
      <class name="com.nitara.MSG91.MSG91CheckBalance">
        <test-method signature="msg91CheckBalance(java.lang.String)[pri:0, instance:com.nitara.MSG91.MSG91CheckBalance@7133da86]" started-at="2023-01-23T01:12:15 IST" name="msg91CheckBalance" finished-at="2023-01-23T01:12:17 IST" duration-ms="2116" status="PASS">
          <params>
            <param index="0">
              <value>
                <![CDATA[https://api.msg91.com]]>
              </value>
            </param>
          </params>
          <reporter-output>
          </reporter-output>
        </test-method> <!-- msg91CheckBalance -->
      </class> <!-- com.nitara.MSG91.MSG91CheckBalance -->
    </test> <!-- Smoke -->
  </suite> <!-- Smoke -->
</testng-results>
