<?xml version="1.0" encoding="UTF-8"?>
<!-- Generated by org.testng.reporters.JUnitXMLReporter -->
<testsuite ignored="0" hostname="DESKTOP-1HIRG0U" failures="1" tests="1" name="Smoke" time="8.618" errors="0" timestamp="2023-01-19T22:58:06 IST">
  <testcase classname="com.nitara.MSG91.MSG91CheckBalance" name="msg91CheckBalance" time="8.587">
    <failure type="java.lang.NumberFormatException" message="For input string: &amp;quot;{&amp;quot;msg&amp;quot;:&amp;quot;418&amp;quot;,&amp;quot;msgType&amp;quot;:&amp;quot;error&amp;quot;}&amp;quot;">
      <![CDATA[java.lang.NumberFormatException: For input string: "{"msg":"418","msgType":"error"}"
at java.base/jdk.internal.math.FloatingDecimal.readJavaFormatString(FloatingDecimal.java:2054)
at java.base/jdk.internal.math.FloatingDecimal.parseDouble(FloatingDecimal.java:110)
at java.base/java.lang.Double.parseDouble(Double.java:651)
at com.nitara.MSG91.MSG91CheckBalance.msg91CheckBalance(MSG91CheckBalance.java:43)
at java.base/java.util.ArrayList.forEach(ArrayList.java:1511)
... Removed 27 stack frames]]>
    </failure>
  </testcase> <!-- msg91CheckBalance -->
</testsuite> <!-- Smoke -->
